rm: cannot remove ‘output/*’: No such file or directory
Simulating timestep 0 at time 0
Simulating timestep 50 at time 0.005
Simulating timestep 100 at time 0.01
Simulating timestep 150 at time 0.015
Simulating timestep 200 at time 0.02
Simulating timestep 250 at time 0.025
Simulating timestep 300 at time 0.03
Simulating timestep 350 at time 0.035
Simulating timestep 400 at time 0.04
Simulating timestep 450 at time 0.045
Simulating timestep 500 at time 0.05
Simulating timestep 550 at time 0.055
Simulating timestep 600 at time 0.06
Simulating timestep 650 at time 0.065
Simulating timestep 700 at time 0.07
Simulating timestep 750 at time 0.075
Simulating timestep 800 at time 0.08
Simulating timestep 850 at time 0.085
Simulating timestep 900 at time 0.09
Simulating timestep 950 at time 0.095
Simulating timestep 1000 at time 0.1
Simulating timestep 1050 at time 0.105
Simulating timestep 1100 at time 0.11
Simulating timestep 1150 at time 0.115
Simulating timestep 1200 at time 0.12
Simulating timestep 1250 at time 0.125
Simulating timestep 1300 at time 0.13
Simulating timestep 1350 at time 0.135
Simulating timestep 1400 at time 0.14
Simulating timestep 1450 at time 0.145
Simulating timestep 1500 at time 0.15
Simulating timestep 1550 at time 0.155
Simulating timestep 1600 at time 0.16
Simulating timestep 1650 at time 0.165
Simulating timestep 1700 at time 0.17
Simulating timestep 1750 at time 0.175
Simulating timestep 1800 at time 0.18
Simulating timestep 1850 at time 0.185
Simulating timestep 1900 at time 0.19
Simulating timestep 1950 at time 0.195
Simulating timestep 2000 at time 0.2
Simulating timestep 2050 at time 0.205
Simulating timestep 2100 at time 0.21
Simulating timestep 2150 at time 0.215
Simulating timestep 2200 at time 0.22
Simulating timestep 2250 at time 0.225
Simulating timestep 2300 at time 0.23
Simulating timestep 2350 at time 0.235
Simulating timestep 2400 at time 0.24
Simulating timestep 2450 at time 0.245
Simulating timestep 2500 at time 0.25
Simulating timestep 2550 at time 0.255
Simulating timestep 2600 at time 0.26
Simulating timestep 2650 at time 0.265
Simulating timestep 2700 at time 0.27
Simulating timestep 2750 at time 0.275
Simulating timestep 2800 at time 0.28
Simulating timestep 2850 at time 0.285
Simulating timestep 2900 at time 0.29
Simulating timestep 2950 at time 0.295
Simulating timestep 3000 at time 0.3
Simulating timestep 3050 at time 0.305
Simulating timestep 3100 at time 0.31
Simulating timestep 3150 at time 0.315
Simulating timestep 3200 at time 0.32
Simulating timestep 3250 at time 0.325
Simulating timestep 3300 at time 0.33
Simulating timestep 3350 at time 0.335
Simulating timestep 3400 at time 0.34
Simulating timestep 3450 at time 0.345
Simulating timestep 3500 at time 0.35
Simulating timestep 3550 at time 0.355
Simulating timestep 3600 at time 0.36
Simulating timestep 3650 at time 0.365
Simulating timestep 3700 at time 0.37
Simulating timestep 3750 at time 0.375
Simulating timestep 3800 at time 0.38
Simulating timestep 3850 at time 0.385
Simulating timestep 3900 at time 0.39
Simulating timestep 3950 at time 0.395
Simulating timestep 4000 at time 0.4
Simulating timestep 4050 at time 0.405
Simulating timestep 4100 at time 0.41
Simulating timestep 4150 at time 0.415
Simulating timestep 4200 at time 0.42
Simulating timestep 4250 at time 0.425
Simulating timestep 4300 at time 0.43
Simulating timestep 4350 at time 0.435
Simulating timestep 4400 at time 0.44
Simulating timestep 4450 at time 0.445
Simulating timestep 4500 at time 0.45
Simulating timestep 4550 at time 0.455
Simulating timestep 4600 at time 0.46
Simulating timestep 4650 at time 0.465
Simulating timestep 4700 at time 0.47
Simulating timestep 4750 at time 0.475
Simulating timestep 4800 at time 0.48
Simulating timestep 4850 at time 0.485
Simulating timestep 4900 at time 0.49
Simulating timestep 4950 at time 0.495
Simulating timestep 5000 at time 0.5
Simulating timestep 5050 at time 0.505
Simulating timestep 5100 at time 0.51
Simulating timestep 5150 at time 0.515
Simulating timestep 5200 at time 0.52
Simulating timestep 5250 at time 0.525
Simulating timestep 5300 at time 0.53
Simulating timestep 5350 at time 0.535
Simulating timestep 5400 at time 0.54
Simulating timestep 5450 at time 0.545
Simulating timestep 5500 at time 0.55
Simulating timestep 5550 at time 0.555
Simulating timestep 5600 at time 0.56
Simulating timestep 5650 at time 0.565
Simulating timestep 5700 at time 0.57
Simulating timestep 5750 at time 0.575
Simulating timestep 5800 at time 0.58
Simulating timestep 5850 at time 0.585
Simulating timestep 5900 at time 0.59
Simulating timestep 5950 at time 0.595
Simulating timestep 6000 at time 0.6
Simulating timestep 6050 at time 0.605
Simulating timestep 6100 at time 0.61
Simulating timestep 6150 at time 0.615
Simulating timestep 6200 at time 0.62
Simulating timestep 6250 at time 0.625
Simulating timestep 6300 at time 0.63
Simulating timestep 6350 at time 0.635
Simulating timestep 6400 at time 0.64
Simulating timestep 6450 at time 0.645
Simulating timestep 6500 at time 0.65
Simulating timestep 6550 at time 0.655
Simulating timestep 6600 at time 0.66
Simulating timestep 6650 at time 0.665
Simulating timestep 6700 at time 0.67
Simulating timestep 6750 at time 0.675
Simulating timestep 6800 at time 0.68
Simulating timestep 6850 at time 0.685
Simulating timestep 6900 at time 0.69
Simulating timestep 6950 at time 0.695
Simulating timestep 7000 at time 0.7
Simulating timestep 7050 at time 0.705
Simulating timestep 7100 at time 0.71
Simulating timestep 7150 at time 0.715
Simulating timestep 7200 at time 0.72
Simulating timestep 7250 at time 0.725
Simulating timestep 7300 at time 0.73
Simulating timestep 7350 at time 0.735
Simulating timestep 7400 at time 0.74
Simulating timestep 7450 at time 0.745
Simulating timestep 7500 at time 0.75
Simulating timestep 7550 at time 0.755
Simulating timestep 7600 at time 0.76
Simulating timestep 7650 at time 0.765
Simulating timestep 7700 at time 0.77
Simulating timestep 7750 at time 0.775
Simulating timestep 7800 at time 0.78
Simulating timestep 7850 at time 0.785
Simulating timestep 7900 at time 0.79
Simulating timestep 7950 at time 0.795
Simulating timestep 8000 at time 0.8
Simulating timestep 8050 at time 0.805
Simulating timestep 8100 at time 0.81
Simulating timestep 8150 at time 0.815
Simulating timestep 8200 at time 0.82
Simulating timestep 8250 at time 0.825
Simulating timestep 8300 at time 0.83
Simulating timestep 8350 at time 0.835
Simulating timestep 8400 at time 0.84
Simulating timestep 8450 at time 0.845
Simulating timestep 8500 at time 0.85
Simulating timestep 8550 at time 0.855
Simulating timestep 8600 at time 0.86
Simulating timestep 8650 at time 0.865
Simulating timestep 8700 at time 0.87
Simulating timestep 8750 at time 0.875
Simulating timestep 8800 at time 0.88
Simulating timestep 8850 at time 0.885
Simulating timestep 8900 at time 0.89
Simulating timestep 8950 at time 0.895
Simulating timestep 9000 at time 0.9
Simulating timestep 9050 at time 0.905
Simulating timestep 9100 at time 0.91
Simulating timestep 9150 at time 0.915
Simulating timestep 9200 at time 0.92
Simulating timestep 9250 at time 0.925
Simulating timestep 9300 at time 0.93
Simulating timestep 9350 at time 0.935
Simulating timestep 9400 at time 0.94
Simulating timestep 9450 at time 0.945
Simulating timestep 9500 at time 0.95
Simulating timestep 9550 at time 0.955
Simulating timestep 9600 at time 0.96
Simulating timestep 9650 at time 0.965
Simulating timestep 9700 at time 0.97
Simulating timestep 9750 at time 0.975
Simulating timestep 9800 at time 0.98
Simulating timestep 9850 at time 0.985
Simulating timestep 9900 at time 0.99
Simulating timestep 9950 at time 0.995
Simulating timestep 10000 at time 1
JobId=34147249 JobName=NSsim
   UserId=freem386(6187794) GroupId=pa(2003) MCS_label=N/A
   Priority=60098 Nice=0 Account=general QOS=freem386
   JobState=RUNNING Reason=None Dependency=(null)
   Requeue=1 Restarts=0 BatchFlag=1 Reboot=0 ExitCode=0:0
   RunTime=00:24:32 TimeLimit=00:59:00 TimeMin=N/A
   SubmitTime=2024-04-17T15:09:59 EligibleTime=2024-04-17T15:09:59
   AccrueTime=2024-04-17T15:09:59
   StartTime=2024-04-17T15:10:04 EndTime=2024-04-17T16:09:04 Deadline=N/A
   SuspendTime=None SecsPreSuspend=0 LastSchedEval=2024-04-17T15:10:04 Scheduler=Main
   Partition=general-long AllocNode:Sid=dev-intel18:27700
   ReqNodeList=(null) ExcNodeList=(null)
   NodeList=lac-209
   BatchHost=lac-209
   NumNodes=1 NumCPUs=1 NumTasks=1 CPUs/Task=1 ReqB:S:C:T=0:0:*:*
   ReqTRES=cpu=1,mem=1G,node=1,billing=155
   AllocTRES=cpu=1,mem=1G,node=1,billing=155
   Socks/Node=* NtasksPerN:B:S:C=0:0:*:* CoreSpec=*
   MinCPUsNode=1 MinMemoryCPU=1G MinTmpDiskNode=0
   Features=[intel14|intel16|intel18|(amr|acm)|nvf|nal|nif] DelayBoot=00:00:00
   OverSubscribe=OK Contiguous=0 Licenses=(null) Network=(null)
   Command=/mnt/ufs18/home-241/freem386/final-project-ianfreeman519/project_files/submission.sb
   WorkDir=/mnt/ufs18/home-241/freem386/final-project-ianfreeman519/project_files
   Comment=stdout=/mnt/ufs18/home-241/freem386/final-project-ianfreeman519/project_files/slurm-34147249.out 
   StdErr=/mnt/ufs18/home-241/freem386/final-project-ianfreeman519/project_files/slurm-34147249.out
   StdIn=/dev/null
   StdOut=/mnt/ufs18/home-241/freem386/final-project-ianfreeman519/project_files/slurm-34147249.out
   Power=
   MailUser=freem386@msu.edu MailType=INVALID_DEPEND,BEGIN,END,FAIL,REQUEUE,STAGE_OUT
   

