# Running code with ranks= 1
Simulating timestep 0 at time 0
Simulating timestep 10 at time 0.001
Simulating timestep 20 at time 0.002
Simulating timestep 30 at time 0.003
Simulating timestep 40 at time 0.004
Simulating timestep 50 at time 0.005
Simulating timestep 60 at time 0.006
Simulating timestep 70 at time 0.007
Simulating timestep 80 at time 0.008
Simulating timestep 90 at time 0.009
Simulating timestep 100 at time 0.01
Simulating timestep 110 at time 0.011
Simulating timestep 120 at time 0.012
Simulating timestep 130 at time 0.013
Simulating timestep 140 at time 0.014
Simulating timestep 150 at time 0.015
Simulating timestep 160 at time 0.016
Simulating timestep 170 at time 0.017
Simulating timestep 180 at time 0.018
Simulating timestep 190 at time 0.019
Simulating timestep 200 at time 0.02
Simulating timestep 210 at time 0.021
Simulating timestep 220 at time 0.022
Simulating timestep 230 at time 0.023
Simulating timestep 240 at time 0.024
Simulating timestep 250 at time 0.025
Simulating timestep 260 at time 0.026
Simulating timestep 270 at time 0.027
Simulating timestep 280 at time 0.028
Simulating timestep 290 at time 0.029
Simulating timestep 300 at time 0.03
Simulating timestep 310 at time 0.031
Simulating timestep 320 at time 0.032
Simulating timestep 330 at time 0.033
Simulating timestep 340 at time 0.034
Simulating timestep 350 at time 0.035
Simulating timestep 360 at time 0.036
Simulating timestep 370 at time 0.037
Simulating timestep 380 at time 0.038
Simulating timestep 390 at time 0.039
Simulating timestep 400 at time 0.04
Simulating timestep 410 at time 0.041
Simulating timestep 420 at time 0.042
Simulating timestep 430 at time 0.043
Simulating timestep 440 at time 0.044
Simulating timestep 450 at time 0.045
Simulating timestep 460 at time 0.046
Simulating timestep 470 at time 0.047
Simulating timestep 480 at time 0.048
Simulating timestep 490 at time 0.049
Simulating timestep 500 at time 0.05
Simulating timestep 510 at time 0.051
Simulating timestep 520 at time 0.052
Simulating timestep 530 at time 0.053
Simulating timestep 540 at time 0.054
Simulating timestep 550 at time 0.055
Simulating timestep 560 at time 0.056
Simulating timestep 570 at time 0.057
Simulating timestep 580 at time 0.058
Simulating timestep 590 at time 0.059
Simulating timestep 600 at time 0.06
Simulating timestep 610 at time 0.061
Simulating timestep 620 at time 0.062
Simulating timestep 630 at time 0.063
Simulating timestep 640 at time 0.064
Simulating timestep 650 at time 0.065
Simulating timestep 660 at time 0.066
Simulating timestep 670 at time 0.067
Simulating timestep 680 at time 0.068
Simulating timestep 690 at time 0.069
Simulating timestep 700 at time 0.07
Simulating timestep 710 at time 0.071
Simulating timestep 720 at time 0.072
Simulating timestep 730 at time 0.073
Simulating timestep 740 at time 0.074
Simulating timestep 750 at time 0.075
Simulating timestep 760 at time 0.076
Simulating timestep 770 at time 0.077
Simulating timestep 780 at time 0.078
Simulating timestep 790 at time 0.079
Simulating timestep 800 at time 0.08
Simulating timestep 810 at time 0.081
Simulating timestep 820 at time 0.082
Simulating timestep 830 at time 0.083
Simulating timestep 840 at time 0.084
Simulating timestep 850 at time 0.085
Simulating timestep 860 at time 0.086
Simulating timestep 870 at time 0.087
Simulating timestep 880 at time 0.088
Simulating timestep 890 at time 0.089
Simulating timestep 900 at time 0.09
Simulating timestep 910 at time 0.091
Simulating timestep 920 at time 0.092
Simulating timestep 930 at time 0.093
Simulating timestep 940 at time 0.094
Simulating timestep 950 at time 0.095
Simulating timestep 960 at time 0.096
Simulating timestep 970 at time 0.097
Simulating timestep 980 at time 0.098
Simulating timestep 990 at time 0.099
# Running code with ranks= 2
Simulating timestep 0 at time 0
Simulating timestep 10 at time 0.001
Simulating timestep 20 at time 0.002
Simulating timestep 30 at time 0.003
Simulating timestep 40 at time 0.004
Simulating timestep 50 at time 0.005
Simulating timestep 60 at time 0.006
Simulating timestep 70 at time 0.007
Simulating timestep 80 at time 0.008
Simulating timestep 90 at time 0.009
Simulating timestep 100 at time 0.01
Simulating timestep 110 at time 0.011
Simulating timestep 120 at time 0.012
Simulating timestep 130 at time 0.013
Simulating timestep 140 at time 0.014
Simulating timestep 150 at time 0.015
Simulating timestep 160 at time 0.016
Simulating timestep 170 at time 0.017
Simulating timestep 180 at time 0.018
Simulating timestep 190 at time 0.019
Simulating timestep 200 at time 0.02
Simulating timestep 210 at time 0.021
Simulating timestep 220 at time 0.022
Simulating timestep 230 at time 0.023
Simulating timestep 240 at time 0.024
Simulating timestep 250 at time 0.025
Simulating timestep 260 at time 0.026
Simulating timestep 270 at time 0.027
Simulating timestep 280 at time 0.028
Simulating timestep 290 at time 0.029
Simulating timestep 300 at time 0.03
Simulating timestep 310 at time 0.031
Simulating timestep 320 at time 0.032
Simulating timestep 330 at time 0.033
Simulating timestep 340 at time 0.034
Simulating timestep 350 at time 0.035
Simulating timestep 360 at time 0.036
Simulating timestep 370 at time 0.037
Simulating timestep 380 at time 0.038
Simulating timestep 390 at time 0.039
Simulating timestep 400 at time 0.04
Simulating timestep 410 at time 0.041
Simulating timestep 420 at time 0.042
Simulating timestep 430 at time 0.043
Simulating timestep 440 at time 0.044
Simulating timestep 450 at time 0.045
Simulating timestep 460 at time 0.046
Simulating timestep 470 at time 0.047
Simulating timestep 480 at time 0.048
Simulating timestep 490 at time 0.049
Simulating timestep 500 at time 0.05
Simulating timestep 510 at time 0.051
Simulating timestep 520 at time 0.052
Simulating timestep 530 at time 0.053
Simulating timestep 540 at time 0.054
Simulating timestep 550 at time 0.055
Simulating timestep 560 at time 0.056
Simulating timestep 570 at time 0.057
Simulating timestep 580 at time 0.058
Simulating timestep 590 at time 0.059
Simulating timestep 600 at time 0.06
Simulating timestep 610 at time 0.061
Simulating timestep 620 at time 0.062
Simulating timestep 630 at time 0.063
Simulating timestep 640 at time 0.064
Simulating timestep 650 at time 0.065
Simulating timestep 660 at time 0.066
Simulating timestep 670 at time 0.067
Simulating timestep 680 at time 0.068
Simulating timestep 690 at time 0.069
Simulating timestep 700 at time 0.07
Simulating timestep 710 at time 0.071
Simulating timestep 720 at time 0.072
Simulating timestep 730 at time 0.073
Simulating timestep 740 at time 0.074
Simulating timestep 750 at time 0.075
Simulating timestep 760 at time 0.076
Simulating timestep 770 at time 0.077
Simulating timestep 780 at time 0.078
Simulating timestep 790 at time 0.079
Simulating timestep 800 at time 0.08
Simulating timestep 810 at time 0.081
Simulating timestep 820 at time 0.082
Simulating timestep 830 at time 0.083
Simulating timestep 840 at time 0.084
Simulating timestep 850 at time 0.085
Simulating timestep 860 at time 0.086
Simulating timestep 870 at time 0.087
Simulating timestep 880 at time 0.088
Simulating timestep 890 at time 0.089
Simulating timestep 900 at time 0.09
Simulating timestep 910 at time 0.091
Simulating timestep 920 at time 0.092
Simulating timestep 930 at time 0.093
Simulating timestep 940 at time 0.094
Simulating timestep 950 at time 0.095
Simulating timestep 960 at time 0.096
Simulating timestep 970 at time 0.097
Simulating timestep 980 at time 0.098
Simulating timestep 990 at time 0.099
# Running code with ranks= 4
Number of x-cells 250 is not evenly divisible by MPI ranks 4
Number of x-cells 250 is not evenly divisible by MPI ranks 4
Number of x-cells 250 is not evenly divisible by MPI ranks 4
Number of x-cells 250 is not evenly divisible by MPI ranks 4
--------------------------------------------------------------------------
Primary job  terminated normally, but 1 process returned
a non-zero exit code. Per user-direction, the job has been aborted.
--------------------------------------------------------------------------
--------------------------------------------------------------------------
mpiexec detected that one or more processes exited with non-zero status, thus causing
the job to be terminated. The first process to do so was:

  Process name: [[5467,1],1]
  Exit code:    1
--------------------------------------------------------------------------
# Running code with ranks= 5
Simulating timestep 0 at time 0
Simulating timestep 10 at time 0.001
Simulating timestep 20 at time 0.002
Simulating timestep 30 at time 0.003
Simulating timestep 40 at time 0.004
Simulating timestep 50 at time 0.005
Simulating timestep 60 at time 0.006
Simulating timestep 70 at time 0.007
Simulating timestep 80 at time 0.008
Simulating timestep 90 at time 0.009
Simulating timestep 100 at time 0.01
Simulating timestep 110 at time 0.011
Simulating timestep 120 at time 0.012
Simulating timestep 130 at time 0.013
Simulating timestep 140 at time 0.014
Simulating timestep 150 at time 0.015
Simulating timestep 160 at time 0.016
Simulating timestep 170 at time 0.017
Simulating timestep 180 at time 0.018
Simulating timestep 190 at time 0.019
Simulating timestep 200 at time 0.02
Simulating timestep 210 at time 0.021
Simulating timestep 220 at time 0.022
Simulating timestep 230 at time 0.023
Simulating timestep 240 at time 0.024
Simulating timestep 250 at time 0.025
Simulating timestep 260 at time 0.026
Simulating timestep 270 at time 0.027
Simulating timestep 280 at time 0.028
Simulating timestep 290 at time 0.029
Simulating timestep 300 at time 0.03
Simulating timestep 310 at time 0.031
Simulating timestep 320 at time 0.032
Simulating timestep 330 at time 0.033
Simulating timestep 340 at time 0.034
Simulating timestep 350 at time 0.035
Simulating timestep 360 at time 0.036
Simulating timestep 370 at time 0.037
Simulating timestep 380 at time 0.038
Simulating timestep 390 at time 0.039
Simulating timestep 400 at time 0.04
Simulating timestep 410 at time 0.041
Simulating timestep 420 at time 0.042
Simulating timestep 430 at time 0.043
Simulating timestep 440 at time 0.044
Simulating timestep 450 at time 0.045
Simulating timestep 460 at time 0.046
Simulating timestep 470 at time 0.047
Simulating timestep 480 at time 0.048
Simulating timestep 490 at time 0.049
Simulating timestep 500 at time 0.05
Simulating timestep 510 at time 0.051
Simulating timestep 520 at time 0.052
Simulating timestep 530 at time 0.053
Simulating timestep 540 at time 0.054
Simulating timestep 550 at time 0.055
Simulating timestep 560 at time 0.056
Simulating timestep 570 at time 0.057
Simulating timestep 580 at time 0.058
Simulating timestep 590 at time 0.059
Simulating timestep 600 at time 0.06
Simulating timestep 610 at time 0.061
Simulating timestep 620 at time 0.062
Simulating timestep 630 at time 0.063
Simulating timestep 640 at time 0.064
Simulating timestep 650 at time 0.065
Simulating timestep 660 at time 0.066
Simulating timestep 670 at time 0.067
Simulating timestep 680 at time 0.068
Simulating timestep 690 at time 0.069
Simulating timestep 700 at time 0.07
Simulating timestep 710 at time 0.071
Simulating timestep 720 at time 0.072
Simulating timestep 730 at time 0.073
Simulating timestep 740 at time 0.074
Simulating timestep 750 at time 0.075
Simulating timestep 760 at time 0.076
Simulating timestep 770 at time 0.077
Simulating timestep 780 at time 0.078
Simulating timestep 790 at time 0.079
Simulating timestep 800 at time 0.08
Simulating timestep 810 at time 0.081
Simulating timestep 820 at time 0.082
Simulating timestep 830 at time 0.083
Simulating timestep 840 at time 0.084
Simulating timestep 850 at time 0.085
Simulating timestep 860 at time 0.086
Simulating timestep 870 at time 0.087
Simulating timestep 880 at time 0.088
Simulating timestep 890 at time 0.089
Simulating timestep 900 at time 0.09
Simulating timestep 910 at time 0.091
Simulating timestep 920 at time 0.092
Simulating timestep 930 at time 0.093
Simulating timestep 940 at time 0.094
Simulating timestep 950 at time 0.095
Simulating timestep 960 at time 0.096
Simulating timestep 970 at time 0.097
Simulating timestep 980 at time 0.098
Simulating timestep 990 at time 0.099
# Running code with ranks= 10
Simulating timestep 0 at time 0
Simulating timestep 10 at time 0.001
Simulating timestep 20 at time 0.002
Simulating timestep 30 at time 0.003
Simulating timestep 40 at time 0.004
Simulating timestep 50 at time 0.005
Simulating timestep 60 at time 0.006
Simulating timestep 70 at time 0.007
Simulating timestep 80 at time 0.008
Simulating timestep 90 at time 0.009
Simulating timestep 100 at time 0.01
Simulating timestep 110 at time 0.011
Simulating timestep 120 at time 0.012
Simulating timestep 130 at time 0.013
Simulating timestep 140 at time 0.014
Simulating timestep 150 at time 0.015
Simulating timestep 160 at time 0.016
Simulating timestep 170 at time 0.017
Simulating timestep 180 at time 0.018
Simulating timestep 190 at time 0.019
Simulating timestep 200 at time 0.02
Simulating timestep 210 at time 0.021
Simulating timestep 220 at time 0.022
Simulating timestep 230 at time 0.023
Simulating timestep 240 at time 0.024
Simulating timestep 250 at time 0.025
Simulating timestep 260 at time 0.026
Simulating timestep 270 at time 0.027
Simulating timestep 280 at time 0.028
Simulating timestep 290 at time 0.029
Simulating timestep 300 at time 0.03
Simulating timestep 310 at time 0.031
Simulating timestep 320 at time 0.032
Simulating timestep 330 at time 0.033
Simulating timestep 340 at time 0.034
Simulating timestep 350 at time 0.035
Simulating timestep 360 at time 0.036
Simulating timestep 370 at time 0.037
Simulating timestep 380 at time 0.038
Simulating timestep 390 at time 0.039
Simulating timestep 400 at time 0.04
Simulating timestep 410 at time 0.041
Simulating timestep 420 at time 0.042
Simulating timestep 430 at time 0.043
Simulating timestep 440 at time 0.044
Simulating timestep 450 at time 0.045
Simulating timestep 460 at time 0.046
Simulating timestep 470 at time 0.047
Simulating timestep 480 at time 0.048
Simulating timestep 490 at time 0.049
Simulating timestep 500 at time 0.05
Simulating timestep 510 at time 0.051
Simulating timestep 520 at time 0.052
Simulating timestep 530 at time 0.053
Simulating timestep 540 at time 0.054
Simulating timestep 550 at time 0.055
Simulating timestep 560 at time 0.056
Simulating timestep 570 at time 0.057
Simulating timestep 580 at time 0.058
Simulating timestep 590 at time 0.059
Simulating timestep 600 at time 0.06
Simulating timestep 610 at time 0.061
Simulating timestep 620 at time 0.062
Simulating timestep 630 at time 0.063
Simulating timestep 640 at time 0.064
Simulating timestep 650 at time 0.065
Simulating timestep 660 at time 0.066
Simulating timestep 670 at time 0.067
Simulating timestep 680 at time 0.068
Simulating timestep 690 at time 0.069
Simulating timestep 700 at time 0.07
Simulating timestep 710 at time 0.071
Simulating timestep 720 at time 0.072
Simulating timestep 730 at time 0.073
Simulating timestep 740 at time 0.074
Simulating timestep 750 at time 0.075
Simulating timestep 760 at time 0.076
Simulating timestep 770 at time 0.077
Simulating timestep 780 at time 0.078
Simulating timestep 790 at time 0.079
Simulating timestep 800 at time 0.08
Simulating timestep 810 at time 0.081
Simulating timestep 820 at time 0.082
Simulating timestep 830 at time 0.083
Simulating timestep 840 at time 0.084
Simulating timestep 850 at time 0.085
Simulating timestep 860 at time 0.086
Simulating timestep 870 at time 0.087
Simulating timestep 880 at time 0.088
Simulating timestep 890 at time 0.089
Simulating timestep 900 at time 0.09
Simulating timestep 910 at time 0.091
Simulating timestep 920 at time 0.092
Simulating timestep 930 at time 0.093
Simulating timestep 940 at time 0.094
Simulating timestep 950 at time 0.095
Simulating timestep 960 at time 0.096
Simulating timestep 970 at time 0.097
Simulating timestep 980 at time 0.098
Simulating timestep 990 at time 0.099
# Running code with ranks= 20
Number of x-cells 250 is not evenly divisible by MPI ranks 20
Number of x-cells 250 is not evenly divisible by MPI ranks 20
Number of x-cells 250 is not evenly divisible by MPI ranks 20
Number of x-cells 250 is not evenly divisible by MPI ranks 20
Number of x-cells 250 is not evenly divisible by MPI ranks 20
Number of x-cells 250 is not evenly divisible by MPI ranks 20
Number of x-cells 250 is not evenly divisible by MPI ranks 20
Number of x-cells 250 is not evenly divisible by MPI ranks 20
Number of x-cells 250 is not evenly divisible by MPI ranks 20
Number of x-cells 250 is not evenly divisible by MPI ranks 20
Number of x-cells 250 is not evenly divisible by MPI ranks 20
Number of x-cells 250 is not evenly divisible by MPI ranks 20
Number of x-cells 250 is not evenly divisible by MPI ranks 20
Number of x-cells 250 is not evenly divisible by MPI ranks 20
Number of x-cells 250 is not evenly divisible by MPI ranks 20Number of x-cells 250 is not evenly divisible by MPI ranks 20
Number of x-cells 250 is not evenly divisible by MPI ranks 20
Number of x-cells 250 is not evenly divisible by MPI ranks 20
Number of x-cells 250 is not evenly divisible by MPI ranks 20
Number of x-cells 250 is not evenly divisible by MPI ranks 20

--------------------------------------------------------------------------
Primary job  terminated normally, but 1 process returned
a non-zero exit code. Per user-direction, the job has been aborted.
--------------------------------------------------------------------------
--------------------------------------------------------------------------
mpiexec detected that one or more processes exited with non-zero status, thus causing
the job to be terminated. The first process to do so was:

  Process name: [[6891,1],0]
  Exit code:    1
--------------------------------------------------------------------------
# Running code with ranks= 25
Simulating timestep 0 at time 0
Simulating timestep 10 at time 0.001
Simulating timestep 20 at time 0.002
Simulating timestep 30 at time 0.003
Simulating timestep 40 at time 0.004
Simulating timestep 50 at time 0.005
Simulating timestep 60 at time 0.006
Simulating timestep 70 at time 0.007
Simulating timestep 80 at time 0.008
Simulating timestep 90 at time 0.009
Simulating timestep 100 at time 0.01
Simulating timestep 110 at time 0.011
Simulating timestep 120 at time 0.012
Simulating timestep 130 at time 0.013
Simulating timestep 140 at time 0.014
Simulating timestep 150 at time 0.015
Simulating timestep 160 at time 0.016
Simulating timestep 170 at time 0.017
Simulating timestep 180 at time 0.018
Simulating timestep 190 at time 0.019
Simulating timestep 200 at time 0.02
Simulating timestep 210 at time 0.021
Simulating timestep 220 at time 0.022
Simulating timestep 230 at time 0.023
Simulating timestep 240 at time 0.024
Simulating timestep 250 at time 0.025
Simulating timestep 260 at time 0.026
Simulating timestep 270 at time 0.027
Simulating timestep 280 at time 0.028
Simulating timestep 290 at time 0.029
Simulating timestep 300 at time 0.03
Simulating timestep 310 at time 0.031
Simulating timestep 320 at time 0.032
Simulating timestep 330 at time 0.033
Simulating timestep 340 at time 0.034
Simulating timestep 350 at time 0.035
Simulating timestep 360 at time 0.036
Simulating timestep 370 at time 0.037
Simulating timestep 380 at time 0.038
Simulating timestep 390 at time 0.039
Simulating timestep 400 at time 0.04
Simulating timestep 410 at time 0.041
Simulating timestep 420 at time 0.042
Simulating timestep 430 at time 0.043
Simulating timestep 440 at time 0.044
Simulating timestep 450 at time 0.045
Simulating timestep 460 at time 0.046
Simulating timestep 470 at time 0.047
Simulating timestep 480 at time 0.048
Simulating timestep 490 at time 0.049
Simulating timestep 500 at time 0.05
Simulating timestep 510 at time 0.051
Simulating timestep 520 at time 0.052
Simulating timestep 530 at time 0.053
Simulating timestep 540 at time 0.054
Simulating timestep 550 at time 0.055
Simulating timestep 560 at time 0.056
Simulating timestep 570 at time 0.057
Simulating timestep 580 at time 0.058
Simulating timestep 590 at time 0.059
Simulating timestep 600 at time 0.06
Simulating timestep 610 at time 0.061
Simulating timestep 620 at time 0.062
Simulating timestep 630 at time 0.063
Simulating timestep 640 at time 0.064
Simulating timestep 650 at time 0.065
Simulating timestep 660 at time 0.066
Simulating timestep 670 at time 0.067
Simulating timestep 680 at time 0.068
Simulating timestep 690 at time 0.069
Simulating timestep 700 at time 0.07
Simulating timestep 710 at time 0.071
Simulating timestep 720 at time 0.072
Simulating timestep 730 at time 0.073
Simulating timestep 740 at time 0.074
Simulating timestep 750 at time 0.075
Simulating timestep 760 at time 0.076
Simulating timestep 770 at time 0.077
Simulating timestep 780 at time 0.078
Simulating timestep 790 at time 0.079
Simulating timestep 800 at time 0.08
Simulating timestep 810 at time 0.081
Simulating timestep 820 at time 0.082
Simulating timestep 830 at time 0.083
Simulating timestep 840 at time 0.084
Simulating timestep 850 at time 0.085
Simulating timestep 860 at time 0.086
Simulating timestep 870 at time 0.087
Simulating timestep 880 at time 0.088
Simulating timestep 890 at time 0.089
Simulating timestep 900 at time 0.09
Simulating timestep 910 at time 0.091
Simulating timestep 920 at time 0.092
Simulating timestep 930 at time 0.093
Simulating timestep 940 at time 0.094
Simulating timestep 950 at time 0.095
Simulating timestep 960 at time 0.096
Simulating timestep 970 at time 0.097
Simulating timestep 980 at time 0.098
Simulating timestep 990 at time 0.099
# Running code with ranks= 50
Simulating timestep 0 at time 0
Simulating timestep 10 at time 0.001
Simulating timestep 20 at time 0.002
Simulating timestep 30 at time 0.003
Simulating timestep 40 at time 0.004
Simulating timestep 50 at time 0.005
Simulating timestep 60 at time 0.006
Simulating timestep 70 at time 0.007
Simulating timestep 80 at time 0.008
Simulating timestep 90 at time 0.009
Simulating timestep 100 at time 0.01
Simulating timestep 110 at time 0.011
Simulating timestep 120 at time 0.012
Simulating timestep 130 at time 0.013
Simulating timestep 140 at time 0.014
Simulating timestep 150 at time 0.015
Simulating timestep 160 at time 0.016
Simulating timestep 170 at time 0.017
Simulating timestep 180 at time 0.018
Simulating timestep 190 at time 0.019
Simulating timestep 200 at time 0.02
Simulating timestep 210 at time 0.021
Simulating timestep 220 at time 0.022
Simulating timestep 230 at time 0.023
Simulating timestep 240 at time 0.024
Simulating timestep 250 at time 0.025
Simulating timestep 260 at time 0.026
Simulating timestep 270 at time 0.027
Simulating timestep 280 at time 0.028
Simulating timestep 290 at time 0.029
Simulating timestep 300 at time 0.03
Simulating timestep 310 at time 0.031
Simulating timestep 320 at time 0.032
Simulating timestep 330 at time 0.033
Simulating timestep 340 at time 0.034
Simulating timestep 350 at time 0.035
Simulating timestep 360 at time 0.036
Simulating timestep 370 at time 0.037
Simulating timestep 380 at time 0.038
Simulating timestep 390 at time 0.039
Simulating timestep 400 at time 0.04
Simulating timestep 410 at time 0.041
Simulating timestep 420 at time 0.042
Simulating timestep 430 at time 0.043
Simulating timestep 440 at time 0.044
Simulating timestep 450 at time 0.045
Simulating timestep 460 at time 0.046
Simulating timestep 470 at time 0.047
Simulating timestep 480 at time 0.048
Simulating timestep 490 at time 0.049
Simulating timestep 500 at time 0.05
Simulating timestep 510 at time 0.051
Simulating timestep 520 at time 0.052
Simulating timestep 530 at time 0.053
Simulating timestep 540 at time 0.054
Simulating timestep 550 at time 0.055
Simulating timestep 560 at time 0.056
Simulating timestep 570 at time 0.057
Simulating timestep 580 at time 0.058
Simulating timestep 590 at time 0.059
Simulating timestep 600 at time 0.06
Simulating timestep 610 at time 0.061
Simulating timestep 620 at time 0.062
Simulating timestep 630 at time 0.063
Simulating timestep 640 at time 0.064
Simulating timestep 650 at time 0.065
Simulating timestep 660 at time 0.066
Simulating timestep 670 at time 0.067
Simulating timestep 680 at time 0.068
Simulating timestep 690 at time 0.069
Simulating timestep 700 at time 0.07
Simulating timestep 710 at time 0.071
Simulating timestep 720 at time 0.072
Simulating timestep 730 at time 0.073
Simulating timestep 740 at time 0.074
Simulating timestep 750 at time 0.075
Simulating timestep 760 at time 0.076
Simulating timestep 770 at time 0.077
Simulating timestep 780 at time 0.078
Simulating timestep 790 at time 0.079
Simulating timestep 800 at time 0.08
Simulating timestep 810 at time 0.081
Simulating timestep 820 at time 0.082
Simulating timestep 830 at time 0.083
Simulating timestep 840 at time 0.084
Simulating timestep 850 at time 0.085
Simulating timestep 860 at time 0.086
Simulating timestep 870 at time 0.087
Simulating timestep 880 at time 0.088
Simulating timestep 890 at time 0.089
Simulating timestep 900 at time 0.09
Simulating timestep 910 at time 0.091
Simulating timestep 920 at time 0.092
Simulating timestep 930 at time 0.093
Simulating timestep 940 at time 0.094
Simulating timestep 950 at time 0.095
Simulating timestep 960 at time 0.096
Simulating timestep 970 at time 0.097
Simulating timestep 980 at time 0.098
Simulating timestep 990 at time 0.099
# Running code with ranks= 100
Number of x-cells 250 is not evenly divisible by MPI ranks 100
Number of x-cells 250 is not evenly divisible by MPI ranks 100
Number of x-cells 250 is not evenly divisible by MPI ranks 100
Number of x-cells 250 is not evenly divisible by MPI ranks 100
Number of x-cells 250 is not evenly divisible by MPI ranks 100
Number of x-cells 250 is not evenly divisible by MPI ranks 100
Number of x-cells 250 is not evenly divisible by MPI ranks 100
Number of x-cells 250 is not evenly divisible by MPI ranks 100
Number of x-cells 250Number of x-cells 250 is not evenly divisible by MPI ranks 100
 is not evenly divisible by MPI ranks 100
Number of x-cells 250 is not evenly divisible by MPI ranks 100
Number of x-cells 250 is not evenly divisible by MPI ranks 100
Number of x-cells 250 is not evenly divisible by MPI ranks 100
Number of x-cells 250 is not evenly divisible by MPI ranks 100
Number of x-cells 250 is not evenly divisible by MPI ranks 100
Number of x-cells 250 is not evenly divisible by MPI ranks 100
Number of x-cells 250 is not evenly divisible by MPI ranks 100
--------------------------------------------------------------------------
Primary job  terminated normally, but 1 process returned
a non-zero exit code. Per user-direction, the job has been aborted.
--------------------------------------------------------------------------
--------------------------------------------------------------------------
mpiexec detected that one or more processes exited with non-zero status, thus causing
the job to be terminated. The first process to do so was:

  Process name: [[8188,1],63]
  Exit code:    1
--------------------------------------------------------------------------
# Running code with ranks= 125
Simulating timestep 0 at time 0
Simulating timestep 10 at time 0.001
Simulating timestep 20 at time 0.002
Simulating timestep 30 at time 0.003
Simulating timestep 40 at time 0.004
Simulating timestep 50 at time 0.005
Simulating timestep 60 at time 0.006
Simulating timestep 70 at time 0.007
Simulating timestep 80 at time 0.008
Simulating timestep 90 at time 0.009
Simulating timestep 100 at time 0.01
Simulating timestep 110 at time 0.011
Simulating timestep 120 at time 0.012
Simulating timestep 130 at time 0.013
Simulating timestep 140 at time 0.014
Simulating timestep 150 at time 0.015
Simulating timestep 160 at time 0.016
Simulating timestep 170 at time 0.017
Simulating timestep 180 at time 0.018
Simulating timestep 190 at time 0.019
Simulating timestep 200 at time 0.02
Simulating timestep 210 at time 0.021
Simulating timestep 220 at time 0.022
Simulating timestep 230 at time 0.023
Simulating timestep 240 at time 0.024
Simulating timestep 250 at time 0.025
Simulating timestep 260 at time 0.026
Simulating timestep 270 at time 0.027
Simulating timestep 280 at time 0.028
Simulating timestep 290 at time 0.029
Simulating timestep 300 at time 0.03
Simulating timestep 310 at time 0.031
Simulating timestep 320 at time 0.032
Simulating timestep 330 at time 0.033
Simulating timestep 340 at time 0.034
Simulating timestep 350 at time 0.035
Simulating timestep 360 at time 0.036
Simulating timestep 370 at time 0.037
Simulating timestep 380 at time 0.038
Simulating timestep 390 at time 0.039
Simulating timestep 400 at time 0.04
Simulating timestep 410 at time 0.041
Simulating timestep 420 at time 0.042
Simulating timestep 430 at time 0.043
Simulating timestep 440 at time 0.044
Simulating timestep 450 at time 0.045
Simulating timestep 460 at time 0.046
Simulating timestep 470 at time 0.047
Simulating timestep 480 at time 0.048
Simulating timestep 490 at time 0.049
Simulating timestep 500 at time 0.05
Simulating timestep 510 at time 0.051
Simulating timestep 520 at time 0.052
Simulating timestep 530 at time 0.053
Simulating timestep 540 at time 0.054
Simulating timestep 550 at time 0.055
Simulating timestep 560 at time 0.056
Simulating timestep 570 at time 0.057
Simulating timestep 580 at time 0.058
Simulating timestep 590 at time 0.059
Simulating timestep 600 at time 0.06
Simulating timestep 610 at time 0.061
Simulating timestep 620 at time 0.062
Simulating timestep 630 at time 0.063
Simulating timestep 640 at time 0.064
Simulating timestep 650 at time 0.065
Simulating timestep 660 at time 0.066
Simulating timestep 670 at time 0.067
Simulating timestep 680 at time 0.068
Simulating timestep 690 at time 0.069
Simulating timestep 700 at time 0.07
Simulating timestep 710 at time 0.071
Simulating timestep 720 at time 0.072
Simulating timestep 730 at time 0.073
Simulating timestep 740 at time 0.074
Simulating timestep 750 at time 0.075
Simulating timestep 760 at time 0.076
Simulating timestep 770 at time 0.077
Simulating timestep 780 at time 0.078
Simulating timestep 790 at time 0.079
Simulating timestep 800 at time 0.08
Simulating timestep 810 at time 0.081
Simulating timestep 820 at time 0.082
Simulating timestep 830 at time 0.083
Simulating timestep 840 at time 0.084
Simulating timestep 850 at time 0.085
Simulating timestep 860 at time 0.086
Simulating timestep 870 at time 0.087
Simulating timestep 880 at time 0.088
Simulating timestep 890 at time 0.089
Simulating timestep 900 at time 0.09
Simulating timestep 910 at time 0.091
Simulating timestep 920 at time 0.092
Simulating timestep 930 at time 0.093
Simulating timestep 940 at time 0.094
Simulating timestep 950 at time 0.095
Simulating timestep 960 at time 0.096
Simulating timestep 970 at time 0.097
Simulating timestep 980 at time 0.098
Simulating timestep 990 at time 0.099
# Running code with ranks= 1
Simulating timestep 0 at time 0
Simulating timestep 10 at time 0.001
Simulating timestep 20 at time 0.002
Simulating timestep 30 at time 0.003
Simulating timestep 40 at time 0.004
Simulating timestep 50 at time 0.005
Simulating timestep 60 at time 0.006
Simulating timestep 70 at time 0.007
Simulating timestep 80 at time 0.008
Simulating timestep 90 at time 0.009
Simulating timestep 100 at time 0.01
Simulating timestep 110 at time 0.011
Simulating timestep 120 at time 0.012
Simulating timestep 130 at time 0.013
Simulating timestep 140 at time 0.014
Simulating timestep 150 at time 0.015
Simulating timestep 160 at time 0.016
Simulating timestep 170 at time 0.017
Simulating timestep 180 at time 0.018
Simulating timestep 190 at time 0.019
Simulating timestep 200 at time 0.02
Simulating timestep 210 at time 0.021
Simulating timestep 220 at time 0.022
Simulating timestep 230 at time 0.023
Simulating timestep 240 at time 0.024
Simulating timestep 250 at time 0.025
Simulating timestep 260 at time 0.026
Simulating timestep 270 at time 0.027
Simulating timestep 280 at time 0.028
Simulating timestep 290 at time 0.029
Simulating timestep 300 at time 0.03
Simulating timestep 310 at time 0.031
Simulating timestep 320 at time 0.032
Simulating timestep 330 at time 0.033
Simulating timestep 340 at time 0.034
Simulating timestep 350 at time 0.035
Simulating timestep 360 at time 0.036
Simulating timestep 370 at time 0.037
Simulating timestep 380 at time 0.038
Simulating timestep 390 at time 0.039
Simulating timestep 400 at time 0.04
Simulating timestep 410 at time 0.041
Simulating timestep 420 at time 0.042
Simulating timestep 430 at time 0.043
Simulating timestep 440 at time 0.044
Simulating timestep 450 at time 0.045
Simulating timestep 460 at time 0.046
Simulating timestep 470 at time 0.047
Simulating timestep 480 at time 0.048
Simulating timestep 490 at time 0.049
Simulating timestep 500 at time 0.05
Simulating timestep 510 at time 0.051
Simulating timestep 520 at time 0.052
Simulating timestep 530 at time 0.053
Simulating timestep 540 at time 0.054
Simulating timestep 550 at time 0.055
Simulating timestep 560 at time 0.056
Simulating timestep 570 at time 0.057
Simulating timestep 580 at time 0.058
Simulating timestep 590 at time 0.059
Simulating timestep 600 at time 0.06
Simulating timestep 610 at time 0.061
Simulating timestep 620 at time 0.062
Simulating timestep 630 at time 0.063
Simulating timestep 640 at time 0.064
Simulating timestep 650 at time 0.065
Simulating timestep 660 at time 0.066
Simulating timestep 670 at time 0.067
Simulating timestep 680 at time 0.068
Simulating timestep 690 at time 0.069
Simulating timestep 700 at time 0.07
Simulating timestep 710 at time 0.071
Simulating timestep 720 at time 0.072
Simulating timestep 730 at time 0.073
Simulating timestep 740 at time 0.074
Simulating timestep 750 at time 0.075
Simulating timestep 760 at time 0.076
Simulating timestep 770 at time 0.077
Simulating timestep 780 at time 0.078
Simulating timestep 790 at time 0.079
Simulating timestep 800 at time 0.08
Simulating timestep 810 at time 0.081
Simulating timestep 820 at time 0.082
Simulating timestep 830 at time 0.083
Simulating timestep 840 at time 0.084
Simulating timestep 850 at time 0.085
Simulating timestep 860 at time 0.086
Simulating timestep 870 at time 0.087
Simulating timestep 880 at time 0.088
Simulating timestep 890 at time 0.089
Simulating timestep 900 at time 0.09
Simulating timestep 910 at time 0.091
Simulating timestep 920 at time 0.092
Simulating timestep 930 at time 0.093
Simulating timestep 940 at time 0.094
Simulating timestep 950 at time 0.095
Simulating timestep 960 at time 0.096
Simulating timestep 970 at time 0.097
Simulating timestep 980 at time 0.098
Simulating timestep 990 at time 0.099
# Running code with ranks= 2
Simulating timestep 0 at time 0
Simulating timestep 10 at time 0.001
Simulating timestep 20 at time 0.002
Simulating timestep 30 at time 0.003
Simulating timestep 40 at time 0.004
Simulating timestep 50 at time 0.005
Simulating timestep 60 at time 0.006
Simulating timestep 70 at time 0.007
Simulating timestep 80 at time 0.008
Simulating timestep 90 at time 0.009
Simulating timestep 100 at time 0.01
Simulating timestep 110 at time 0.011
Simulating timestep 120 at time 0.012
Simulating timestep 130 at time 0.013
Simulating timestep 140 at time 0.014
Simulating timestep 150 at time 0.015
Simulating timestep 160 at time 0.016
Simulating timestep 170 at time 0.017
Simulating timestep 180 at time 0.018
Simulating timestep 190 at time 0.019
Simulating timestep 200 at time 0.02
Simulating timestep 210 at time 0.021
Simulating timestep 220 at time 0.022
Simulating timestep 230 at time 0.023
Simulating timestep 240 at time 0.024
Simulating timestep 250 at time 0.025
Simulating timestep 260 at time 0.026
Simulating timestep 270 at time 0.027
Simulating timestep 280 at time 0.028
Simulating timestep 290 at time 0.029
Simulating timestep 300 at time 0.03
Simulating timestep 310 at time 0.031
Simulating timestep 320 at time 0.032
Simulating timestep 330 at time 0.033
Simulating timestep 340 at time 0.034
Simulating timestep 350 at time 0.035
Simulating timestep 360 at time 0.036
Simulating timestep 370 at time 0.037
Simulating timestep 380 at time 0.038
Simulating timestep 390 at time 0.039
Simulating timestep 400 at time 0.04
Simulating timestep 410 at time 0.041
Simulating timestep 420 at time 0.042
Simulating timestep 430 at time 0.043
Simulating timestep 440 at time 0.044
Simulating timestep 450 at time 0.045
Simulating timestep 460 at time 0.046
Simulating timestep 470 at time 0.047
Simulating timestep 480 at time 0.048
Simulating timestep 490 at time 0.049
Simulating timestep 500 at time 0.05
Simulating timestep 510 at time 0.051
Simulating timestep 520 at time 0.052
Simulating timestep 530 at time 0.053
Simulating timestep 540 at time 0.054
Simulating timestep 550 at time 0.055
Simulating timestep 560 at time 0.056
Simulating timestep 570 at time 0.057
Simulating timestep 580 at time 0.058
Simulating timestep 590 at time 0.059
Simulating timestep 600 at time 0.06
Simulating timestep 610 at time 0.061
Simulating timestep 620 at time 0.062
Simulating timestep 630 at time 0.063
Simulating timestep 640 at time 0.064
Simulating timestep 650 at time 0.065
Simulating timestep 660 at time 0.066
Simulating timestep 670 at time 0.067
Simulating timestep 680 at time 0.068
Simulating timestep 690 at time 0.069
Simulating timestep 700 at time 0.07
Simulating timestep 710 at time 0.071
Simulating timestep 720 at time 0.072
Simulating timestep 730 at time 0.073
Simulating timestep 740 at time 0.074
Simulating timestep 750 at time 0.075
Simulating timestep 760 at time 0.076
Simulating timestep 770 at time 0.077
Simulating timestep 780 at time 0.078
Simulating timestep 790 at time 0.079
Simulating timestep 800 at time 0.08
Simulating timestep 810 at time 0.081
Simulating timestep 820 at time 0.082
Simulating timestep 830 at time 0.083
Simulating timestep 840 at time 0.084
Simulating timestep 850 at time 0.085
Simulating timestep 860 at time 0.086
Simulating timestep 870 at time 0.087
Simulating timestep 880 at time 0.088
Simulating timestep 890 at time 0.089
Simulating timestep 900 at time 0.09
Simulating timestep 910 at time 0.091
Simulating timestep 920 at time 0.092
Simulating timestep 930 at time 0.093
Simulating timestep 940 at time 0.094
Simulating timestep 950 at time 0.095
Simulating timestep 960 at time 0.096
Simulating timestep 970 at time 0.097
Simulating timestep 980 at time 0.098
Simulating timestep 990 at time 0.099
# Running code with ranks= 4
Simulating timestep 0 at time 0
Simulating timestep 10 at time 0.001
Simulating timestep 20 at time 0.002
Simulating timestep 30 at time 0.003
Simulating timestep 40 at time 0.004
Simulating timestep 50 at time 0.005
Simulating timestep 60 at time 0.006
Simulating timestep 70 at time 0.007
Simulating timestep 80 at time 0.008
Simulating timestep 90 at time 0.009
Simulating timestep 100 at time 0.01
Simulating timestep 110 at time 0.011
Simulating timestep 120 at time 0.012
Simulating timestep 130 at time 0.013
Simulating timestep 140 at time 0.014
Simulating timestep 150 at time 0.015
Simulating timestep 160 at time 0.016
Simulating timestep 170 at time 0.017
Simulating timestep 180 at time 0.018
Simulating timestep 190 at time 0.019
Simulating timestep 200 at time 0.02
Simulating timestep 210 at time 0.021
Simulating timestep 220 at time 0.022
Simulating timestep 230 at time 0.023
Simulating timestep 240 at time 0.024
Simulating timestep 250 at time 0.025
Simulating timestep 260 at time 0.026
Simulating timestep 270 at time 0.027
Simulating timestep 280 at time 0.028
Simulating timestep 290 at time 0.029
Simulating timestep 300 at time 0.03
Simulating timestep 310 at time 0.031
Simulating timestep 320 at time 0.032
Simulating timestep 330 at time 0.033
Simulating timestep 340 at time 0.034
Simulating timestep 350 at time 0.035
Simulating timestep 360 at time 0.036
Simulating timestep 370 at time 0.037
Simulating timestep 380 at time 0.038
Simulating timestep 390 at time 0.039
Simulating timestep 400 at time 0.04
Simulating timestep 410 at time 0.041
Simulating timestep 420 at time 0.042
Simulating timestep 430 at time 0.043
Simulating timestep 440 at time 0.044
Simulating timestep 450 at time 0.045
Simulating timestep 460 at time 0.046
Simulating timestep 470 at time 0.047
Simulating timestep 480 at time 0.048
Simulating timestep 490 at time 0.049
Simulating timestep 500 at time 0.05
Simulating timestep 510 at time 0.051
Simulating timestep 520 at time 0.052
Simulating timestep 530 at time 0.053
Simulating timestep 540 at time 0.054
Simulating timestep 550 at time 0.055
Simulating timestep 560 at time 0.056
Simulating timestep 570 at time 0.057
Simulating timestep 580 at time 0.058
Simulating timestep 590 at time 0.059
Simulating timestep 600 at time 0.06
Simulating timestep 610 at time 0.061
Simulating timestep 620 at time 0.062
Simulating timestep 630 at time 0.063
Simulating timestep 640 at time 0.064
Simulating timestep 650 at time 0.065
Simulating timestep 660 at time 0.066
Simulating timestep 670 at time 0.067
Simulating timestep 680 at time 0.068
Simulating timestep 690 at time 0.069
Simulating timestep 700 at time 0.07
Simulating timestep 710 at time 0.071
Simulating timestep 720 at time 0.072
Simulating timestep 730 at time 0.073
Simulating timestep 740 at time 0.074
Simulating timestep 750 at time 0.075
Simulating timestep 760 at time 0.076
Simulating timestep 770 at time 0.077
Simulating timestep 780 at time 0.078
Simulating timestep 790 at time 0.079
Simulating timestep 800 at time 0.08
Simulating timestep 810 at time 0.081
Simulating timestep 820 at time 0.082
Simulating timestep 830 at time 0.083
Simulating timestep 840 at time 0.084
Simulating timestep 850 at time 0.085
Simulating timestep 860 at time 0.086
Simulating timestep 870 at time 0.087
Simulating timestep 880 at time 0.088
Simulating timestep 890 at time 0.089
Simulating timestep 900 at time 0.09
Simulating timestep 910 at time 0.091
Simulating timestep 920 at time 0.092
Simulating timestep 930 at time 0.093
Simulating timestep 940 at time 0.094
Simulating timestep 950 at time 0.095
Simulating timestep 960 at time 0.096
Simulating timestep 970 at time 0.097
Simulating timestep 980 at time 0.098
Simulating timestep 990 at time 0.099
# Running code with ranks= 5
Simulating timestep 0 at time 0
Simulating timestep 10 at time 0.001
Simulating timestep 20 at time 0.002
Simulating timestep 30 at time 0.003
Simulating timestep 40 at time 0.004
Simulating timestep 50 at time 0.005
Simulating timestep 60 at time 0.006
Simulating timestep 70 at time 0.007
Simulating timestep 80 at time 0.008
Simulating timestep 90 at time 0.009
Simulating timestep 100 at time 0.01
Simulating timestep 110 at time 0.011
Simulating timestep 120 at time 0.012
Simulating timestep 130 at time 0.013
Simulating timestep 140 at time 0.014
Simulating timestep 150 at time 0.015
Simulating timestep 160 at time 0.016
Simulating timestep 170 at time 0.017
Simulating timestep 180 at time 0.018
Simulating timestep 190 at time 0.019
Simulating timestep 200 at time 0.02
Simulating timestep 210 at time 0.021
Simulating timestep 220 at time 0.022
Simulating timestep 230 at time 0.023
Simulating timestep 240 at time 0.024
Simulating timestep 250 at time 0.025
Simulating timestep 260 at time 0.026
Simulating timestep 270 at time 0.027
Simulating timestep 280 at time 0.028
Simulating timestep 290 at time 0.029
Simulating timestep 300 at time 0.03
Simulating timestep 310 at time 0.031
Simulating timestep 320 at time 0.032
Simulating timestep 330 at time 0.033
Simulating timestep 340 at time 0.034
Simulating timestep 350 at time 0.035
Simulating timestep 360 at time 0.036
Simulating timestep 370 at time 0.037
Simulating timestep 380 at time 0.038
Simulating timestep 390 at time 0.039
Simulating timestep 400 at time 0.04
Simulating timestep 410 at time 0.041
Simulating timestep 420 at time 0.042
Simulating timestep 430 at time 0.043
Simulating timestep 440 at time 0.044
Simulating timestep 450 at time 0.045
Simulating timestep 460 at time 0.046
Simulating timestep 470 at time 0.047
Simulating timestep 480 at time 0.048
Simulating timestep 490 at time 0.049
Simulating timestep 500 at time 0.05
Simulating timestep 510 at time 0.051
Simulating timestep 520 at time 0.052
Simulating timestep 530 at time 0.053
Simulating timestep 540 at time 0.054
Simulating timestep 550 at time 0.055
Simulating timestep 560 at time 0.056
Simulating timestep 570 at time 0.057
Simulating timestep 580 at time 0.058
Simulating timestep 590 at time 0.059
Simulating timestep 600 at time 0.06
Simulating timestep 610 at time 0.061
Simulating timestep 620 at time 0.062
Simulating timestep 630 at time 0.063
Simulating timestep 640 at time 0.064
Simulating timestep 650 at time 0.065
Simulating timestep 660 at time 0.066
Simulating timestep 670 at time 0.067
Simulating timestep 680 at time 0.068
Simulating timestep 690 at time 0.069
Simulating timestep 700 at time 0.07
Simulating timestep 710 at time 0.071
Simulating timestep 720 at time 0.072
Simulating timestep 730 at time 0.073
Simulating timestep 740 at time 0.074
Simulating timestep 750 at time 0.075
Simulating timestep 760 at time 0.076
Simulating timestep 770 at time 0.077
Simulating timestep 780 at time 0.078
Simulating timestep 790 at time 0.079
Simulating timestep 800 at time 0.08
Simulating timestep 810 at time 0.081
Simulating timestep 820 at time 0.082
Simulating timestep 830 at time 0.083
Simulating timestep 840 at time 0.084
Simulating timestep 850 at time 0.085
Simulating timestep 860 at time 0.086
Simulating timestep 870 at time 0.087
Simulating timestep 880 at time 0.088
Simulating timestep 890 at time 0.089
Simulating timestep 900 at time 0.09
Simulating timestep 910 at time 0.091
Simulating timestep 920 at time 0.092
Simulating timestep 930 at time 0.093
Simulating timestep 940 at time 0.094
Simulating timestep 950 at time 0.095
Simulating timestep 960 at time 0.096
Simulating timestep 970 at time 0.097
Simulating timestep 980 at time 0.098
Simulating timestep 990 at time 0.099
# Running code with ranks= 10
Simulating timestep 0 at time 0
Simulating timestep 10 at time 0.001
Simulating timestep 20 at time 0.002
Simulating timestep 30 at time 0.003
Simulating timestep 40 at time 0.004
Simulating timestep 50 at time 0.005
Simulating timestep 60 at time 0.006
Simulating timestep 70 at time 0.007
Simulating timestep 80 at time 0.008
Simulating timestep 90 at time 0.009
Simulating timestep 100 at time 0.01
Simulating timestep 110 at time 0.011
Simulating timestep 120 at time 0.012
Simulating timestep 130 at time 0.013
Simulating timestep 140 at time 0.014
Simulating timestep 150 at time 0.015
Simulating timestep 160 at time 0.016
Simulating timestep 170 at time 0.017
Simulating timestep 180 at time 0.018
Simulating timestep 190 at time 0.019
Simulating timestep 200 at time 0.02
Simulating timestep 210 at time 0.021
Simulating timestep 220 at time 0.022
Simulating timestep 230 at time 0.023
Simulating timestep 240 at time 0.024
Simulating timestep 250 at time 0.025
Simulating timestep 260 at time 0.026
Simulating timestep 270 at time 0.027
Simulating timestep 280 at time 0.028
Simulating timestep 290 at time 0.029
Simulating timestep 300 at time 0.03
Simulating timestep 310 at time 0.031
Simulating timestep 320 at time 0.032
Simulating timestep 330 at time 0.033
Simulating timestep 340 at time 0.034
Simulating timestep 350 at time 0.035
Simulating timestep 360 at time 0.036
Simulating timestep 370 at time 0.037
Simulating timestep 380 at time 0.038
Simulating timestep 390 at time 0.039
Simulating timestep 400 at time 0.04
Simulating timestep 410 at time 0.041
Simulating timestep 420 at time 0.042
Simulating timestep 430 at time 0.043
Simulating timestep 440 at time 0.044
Simulating timestep 450 at time 0.045
Simulating timestep 460 at time 0.046
Simulating timestep 470 at time 0.047
Simulating timestep 480 at time 0.048
Simulating timestep 490 at time 0.049
Simulating timestep 500 at time 0.05
Simulating timestep 510 at time 0.051
Simulating timestep 520 at time 0.052
Simulating timestep 530 at time 0.053
Simulating timestep 540 at time 0.054
Simulating timestep 550 at time 0.055
Simulating timestep 560 at time 0.056
Simulating timestep 570 at time 0.057
Simulating timestep 580 at time 0.058
Simulating timestep 590 at time 0.059
Simulating timestep 600 at time 0.06
Simulating timestep 610 at time 0.061
Simulating timestep 620 at time 0.062
Simulating timestep 630 at time 0.063
Simulating timestep 640 at time 0.064
Simulating timestep 650 at time 0.065
Simulating timestep 660 at time 0.066
Simulating timestep 670 at time 0.067
Simulating timestep 680 at time 0.068
Simulating timestep 690 at time 0.069
Simulating timestep 700 at time 0.07
Simulating timestep 710 at time 0.071
Simulating timestep 720 at time 0.072
Simulating timestep 730 at time 0.073
Simulating timestep 740 at time 0.074
Simulating timestep 750 at time 0.075
Simulating timestep 760 at time 0.076
Simulating timestep 770 at time 0.077
Simulating timestep 780 at time 0.078
Simulating timestep 790 at time 0.079
Simulating timestep 800 at time 0.08
Simulating timestep 810 at time 0.081
Simulating timestep 820 at time 0.082
Simulating timestep 830 at time 0.083
Simulating timestep 840 at time 0.084
Simulating timestep 850 at time 0.085
Simulating timestep 860 at time 0.086
Simulating timestep 870 at time 0.087
Simulating timestep 880 at time 0.088
Simulating timestep 890 at time 0.089
Simulating timestep 900 at time 0.09
Simulating timestep 910 at time 0.091
Simulating timestep 920 at time 0.092
Simulating timestep 930 at time 0.093
Simulating timestep 940 at time 0.094
Simulating timestep 950 at time 0.095
Simulating timestep 960 at time 0.096
Simulating timestep 970 at time 0.097
Simulating timestep 980 at time 0.098
Simulating timestep 990 at time 0.099
# Running code with ranks= 20
Simulating timestep 0 at time 0
Simulating timestep 10 at time 0.001
Simulating timestep 20 at time 0.002
Simulating timestep 30 at time 0.003
Simulating timestep 40 at time 0.004
Simulating timestep 50 at time 0.005
Simulating timestep 60 at time 0.006
Simulating timestep 70 at time 0.007
Simulating timestep 80 at time 0.008
Simulating timestep 90 at time 0.009
Simulating timestep 100 at time 0.01
Simulating timestep 110 at time 0.011
Simulating timestep 120 at time 0.012
Simulating timestep 130 at time 0.013
Simulating timestep 140 at time 0.014
Simulating timestep 150 at time 0.015
Simulating timestep 160 at time 0.016
Simulating timestep 170 at time 0.017
Simulating timestep 180 at time 0.018
Simulating timestep 190 at time 0.019
Simulating timestep 200 at time 0.02
Simulating timestep 210 at time 0.021
Simulating timestep 220 at time 0.022
Simulating timestep 230 at time 0.023
Simulating timestep 240 at time 0.024
Simulating timestep 250 at time 0.025
Simulating timestep 260 at time 0.026
Simulating timestep 270 at time 0.027
Simulating timestep 280 at time 0.028
Simulating timestep 290 at time 0.029
Simulating timestep 300 at time 0.03
Simulating timestep 310 at time 0.031
Simulating timestep 320 at time 0.032
Simulating timestep 330 at time 0.033
Simulating timestep 340 at time 0.034
Simulating timestep 350 at time 0.035
Simulating timestep 360 at time 0.036
Simulating timestep 370 at time 0.037
Simulating timestep 380 at time 0.038
Simulating timestep 390 at time 0.039
Simulating timestep 400 at time 0.04
Simulating timestep 410 at time 0.041
Simulating timestep 420 at time 0.042
Simulating timestep 430 at time 0.043
Simulating timestep 440 at time 0.044
Simulating timestep 450 at time 0.045
Simulating timestep 460 at time 0.046
Simulating timestep 470 at time 0.047
Simulating timestep 480 at time 0.048
Simulating timestep 490 at time 0.049
Simulating timestep 500 at time 0.05
Simulating timestep 510 at time 0.051
Simulating timestep 520 at time 0.052
Simulating timestep 530 at time 0.053
Simulating timestep 540 at time 0.054
Simulating timestep 550 at time 0.055
Simulating timestep 560 at time 0.056
Simulating timestep 570 at time 0.057
Simulating timestep 580 at time 0.058
Simulating timestep 590 at time 0.059
Simulating timestep 600 at time 0.06
Simulating timestep 610 at time 0.061
Simulating timestep 620 at time 0.062
Simulating timestep 630 at time 0.063
Simulating timestep 640 at time 0.064
Simulating timestep 650 at time 0.065
Simulating timestep 660 at time 0.066
Simulating timestep 670 at time 0.067
Simulating timestep 680 at time 0.068
Simulating timestep 690 at time 0.069
Simulating timestep 700 at time 0.07
Simulating timestep 710 at time 0.071
Simulating timestep 720 at time 0.072
Simulating timestep 730 at time 0.073
Simulating timestep 740 at time 0.074
Simulating timestep 750 at time 0.075
Simulating timestep 760 at time 0.076
Simulating timestep 770 at time 0.077
Simulating timestep 780 at time 0.078
Simulating timestep 790 at time 0.079
Simulating timestep 800 at time 0.08
Simulating timestep 810 at time 0.081
Simulating timestep 820 at time 0.082
Simulating timestep 830 at time 0.083
Simulating timestep 840 at time 0.084
Simulating timestep 850 at time 0.085
Simulating timestep 860 at time 0.086
Simulating timestep 870 at time 0.087
Simulating timestep 880 at time 0.088
Simulating timestep 890 at time 0.089
Simulating timestep 900 at time 0.09
Simulating timestep 910 at time 0.091
Simulating timestep 920 at time 0.092
Simulating timestep 930 at time 0.093
Simulating timestep 940 at time 0.094
Simulating timestep 950 at time 0.095
Simulating timestep 960 at time 0.096
Simulating timestep 970 at time 0.097
Simulating timestep 980 at time 0.098
Simulating timestep 990 at time 0.099
# Running code with ranks= 25
Simulating timestep 0 at time 0
Simulating timestep 10 at time 0.001
Simulating timestep 20 at time 0.002
Simulating timestep 30 at time 0.003
Simulating timestep 40 at time 0.004
Simulating timestep 50 at time 0.005
Simulating timestep 60 at time 0.006
Simulating timestep 70 at time 0.007
Simulating timestep 80 at time 0.008
Simulating timestep 90 at time 0.009
Simulating timestep 100 at time 0.01
Simulating timestep 110 at time 0.011
Simulating timestep 120 at time 0.012
Simulating timestep 130 at time 0.013
Simulating timestep 140 at time 0.014
Simulating timestep 150 at time 0.015
Simulating timestep 160 at time 0.016
Simulating timestep 170 at time 0.017
Simulating timestep 180 at time 0.018
Simulating timestep 190 at time 0.019
Simulating timestep 200 at time 0.02
Simulating timestep 210 at time 0.021
Simulating timestep 220 at time 0.022
Simulating timestep 230 at time 0.023
Simulating timestep 240 at time 0.024
Simulating timestep 250 at time 0.025
Simulating timestep 260 at time 0.026
Simulating timestep 270 at time 0.027
Simulating timestep 280 at time 0.028
Simulating timestep 290 at time 0.029
Simulating timestep 300 at time 0.03
Simulating timestep 310 at time 0.031
Simulating timestep 320 at time 0.032
Simulating timestep 330 at time 0.033
Simulating timestep 340 at time 0.034
Simulating timestep 350 at time 0.035
Simulating timestep 360 at time 0.036
Simulating timestep 370 at time 0.037
Simulating timestep 380 at time 0.038
Simulating timestep 390 at time 0.039
Simulating timestep 400 at time 0.04
Simulating timestep 410 at time 0.041
Simulating timestep 420 at time 0.042
Simulating timestep 430 at time 0.043
Simulating timestep 440 at time 0.044
Simulating timestep 450 at time 0.045
Simulating timestep 460 at time 0.046
Simulating timestep 470 at time 0.047
Simulating timestep 480 at time 0.048
Simulating timestep 490 at time 0.049
Simulating timestep 500 at time 0.05
Simulating timestep 510 at time 0.051
Simulating timestep 520 at time 0.052
Simulating timestep 530 at time 0.053
Simulating timestep 540 at time 0.054
Simulating timestep 550 at time 0.055
Simulating timestep 560 at time 0.056
Simulating timestep 570 at time 0.057
Simulating timestep 580 at time 0.058
Simulating timestep 590 at time 0.059
Simulating timestep 600 at time 0.06
Simulating timestep 610 at time 0.061
Simulating timestep 620 at time 0.062
Simulating timestep 630 at time 0.063
Simulating timestep 640 at time 0.064
Simulating timestep 650 at time 0.065
Simulating timestep 660 at time 0.066
Simulating timestep 670 at time 0.067
Simulating timestep 680 at time 0.068
Simulating timestep 690 at time 0.069
Simulating timestep 700 at time 0.07
Simulating timestep 710 at time 0.071
Simulating timestep 720 at time 0.072
Simulating timestep 730 at time 0.073
Simulating timestep 740 at time 0.074
Simulating timestep 750 at time 0.075
Simulating timestep 760 at time 0.076
Simulating timestep 770 at time 0.077
Simulating timestep 780 at time 0.078
Simulating timestep 790 at time 0.079
Simulating timestep 800 at time 0.08
Simulating timestep 810 at time 0.081
Simulating timestep 820 at time 0.082
Simulating timestep 830 at time 0.083
Simulating timestep 840 at time 0.084
Simulating timestep 850 at time 0.085
Simulating timestep 860 at time 0.086
Simulating timestep 870 at time 0.087
Simulating timestep 880 at time 0.088
Simulating timestep 890 at time 0.089
Simulating timestep 900 at time 0.09
Simulating timestep 910 at time 0.091
Simulating timestep 920 at time 0.092
Simulating timestep 930 at time 0.093
Simulating timestep 940 at time 0.094
Simulating timestep 950 at time 0.095
Simulating timestep 960 at time 0.096
Simulating timestep 970 at time 0.097
Simulating timestep 980 at time 0.098
Simulating timestep 990 at time 0.099
# Running code with ranks= 50
Simulating timestep 0 at time 0
Simulating timestep 10 at time 0.001
Simulating timestep 20 at time 0.002
Simulating timestep 30 at time 0.003
Simulating timestep 40 at time 0.004
Simulating timestep 50 at time 0.005
Simulating timestep 60 at time 0.006
Simulating timestep 70 at time 0.007
Simulating timestep 80 at time 0.008
Simulating timestep 90 at time 0.009
Simulating timestep 100 at time 0.01
Simulating timestep 110 at time 0.011
Simulating timestep 120 at time 0.012
Simulating timestep 130 at time 0.013
Simulating timestep 140 at time 0.014
Simulating timestep 150 at time 0.015
Simulating timestep 160 at time 0.016
Simulating timestep 170 at time 0.017
Simulating timestep 180 at time 0.018
Simulating timestep 190 at time 0.019
Simulating timestep 200 at time 0.02
Simulating timestep 210 at time 0.021
Simulating timestep 220 at time 0.022
Simulating timestep 230 at time 0.023
Simulating timestep 240 at time 0.024
Simulating timestep 250 at time 0.025
Simulating timestep 260 at time 0.026
Simulating timestep 270 at time 0.027
Simulating timestep 280 at time 0.028
Simulating timestep 290 at time 0.029
Simulating timestep 300 at time 0.03
Simulating timestep 310 at time 0.031
Simulating timestep 320 at time 0.032
Simulating timestep 330 at time 0.033
Simulating timestep 340 at time 0.034
Simulating timestep 350 at time 0.035
Simulating timestep 360 at time 0.036
Simulating timestep 370 at time 0.037
Simulating timestep 380 at time 0.038
Simulating timestep 390 at time 0.039
Simulating timestep 400 at time 0.04
Simulating timestep 410 at time 0.041
Simulating timestep 420 at time 0.042
Simulating timestep 430 at time 0.043
Simulating timestep 440 at time 0.044
Simulating timestep 450 at time 0.045
Simulating timestep 460 at time 0.046
Simulating timestep 470 at time 0.047
Simulating timestep 480 at time 0.048
Simulating timestep 490 at time 0.049
Simulating timestep 500 at time 0.05
Simulating timestep 510 at time 0.051
Simulating timestep 520 at time 0.052
Simulating timestep 530 at time 0.053
Simulating timestep 540 at time 0.054
Simulating timestep 550 at time 0.055
Simulating timestep 560 at time 0.056
Simulating timestep 570 at time 0.057
Simulating timestep 580 at time 0.058
Simulating timestep 590 at time 0.059
Simulating timestep 600 at time 0.06
Simulating timestep 610 at time 0.061
Simulating timestep 620 at time 0.062
Simulating timestep 630 at time 0.063
Simulating timestep 640 at time 0.064
Simulating timestep 650 at time 0.065
Simulating timestep 660 at time 0.066
Simulating timestep 670 at time 0.067
Simulating timestep 680 at time 0.068
Simulating timestep 690 at time 0.069
Simulating timestep 700 at time 0.07
Simulating timestep 710 at time 0.071
Simulating timestep 720 at time 0.072
Simulating timestep 730 at time 0.073
Simulating timestep 740 at time 0.074
Simulating timestep 750 at time 0.075
Simulating timestep 760 at time 0.076
Simulating timestep 770 at time 0.077
Simulating timestep 780 at time 0.078
Simulating timestep 790 at time 0.079
Simulating timestep 800 at time 0.08
Simulating timestep 810 at time 0.081
Simulating timestep 820 at time 0.082
Simulating timestep 830 at time 0.083
Simulating timestep 840 at time 0.084
Simulating timestep 850 at time 0.085
Simulating timestep 860 at time 0.086
Simulating timestep 870 at time 0.087
Simulating timestep 880 at time 0.088
Simulating timestep 890 at time 0.089
Simulating timestep 900 at time 0.09
Simulating timestep 910 at time 0.091
Simulating timestep 920 at time 0.092
Simulating timestep 930 at time 0.093
Simulating timestep 940 at time 0.094
Simulating timestep 950 at time 0.095
Simulating timestep 960 at time 0.096
Simulating timestep 970 at time 0.097
Simulating timestep 980 at time 0.098
Simulating timestep 990 at time 0.099
# Running code with ranks= 100
Simulating timestep 0 at time 0
Simulating timestep 10 at time 0.001
Simulating timestep 20 at time 0.002
Simulating timestep 30 at time 0.003
Simulating timestep 40 at time 0.004
Simulating timestep 50 at time 0.005
Simulating timestep 60 at time 0.006
Simulating timestep 70 at time 0.007
Simulating timestep 80 at time 0.008
Simulating timestep 90 at time 0.009
Simulating timestep 100 at time 0.01
Simulating timestep 110 at time 0.011
Simulating timestep 120 at time 0.012
Simulating timestep 130 at time 0.013
Simulating timestep 140 at time 0.014
Simulating timestep 150 at time 0.015
Simulating timestep 160 at time 0.016
Simulating timestep 170 at time 0.017
Simulating timestep 180 at time 0.018
Simulating timestep 190 at time 0.019
Simulating timestep 200 at time 0.02
Simulating timestep 210 at time 0.021
Simulating timestep 220 at time 0.022
Simulating timestep 230 at time 0.023
Simulating timestep 240 at time 0.024
Simulating timestep 250 at time 0.025
Simulating timestep 260 at time 0.026
Simulating timestep 270 at time 0.027
Simulating timestep 280 at time 0.028
Simulating timestep 290 at time 0.029
Simulating timestep 300 at time 0.03
Simulating timestep 310 at time 0.031
Simulating timestep 320 at time 0.032
Simulating timestep 330 at time 0.033
Simulating timestep 340 at time 0.034
Simulating timestep 350 at time 0.035
Simulating timestep 360 at time 0.036
Simulating timestep 370 at time 0.037
Simulating timestep 380 at time 0.038
Simulating timestep 390 at time 0.039
Simulating timestep 400 at time 0.04
Simulating timestep 410 at time 0.041
Simulating timestep 420 at time 0.042
Simulating timestep 430 at time 0.043
Simulating timestep 440 at time 0.044
Simulating timestep 450 at time 0.045
Simulating timestep 460 at time 0.046
Simulating timestep 470 at time 0.047
Simulating timestep 480 at time 0.048
Simulating timestep 490 at time 0.049
Simulating timestep 500 at time 0.05
Simulating timestep 510 at time 0.051
Simulating timestep 520 at time 0.052
Simulating timestep 530 at time 0.053
Simulating timestep 540 at time 0.054
Simulating timestep 550 at time 0.055
Simulating timestep 560 at time 0.056
Simulating timestep 570 at time 0.057
Simulating timestep 580 at time 0.058
Simulating timestep 590 at time 0.059
Simulating timestep 600 at time 0.06
Simulating timestep 610 at time 0.061
Simulating timestep 620 at time 0.062
Simulating timestep 630 at time 0.063
Simulating timestep 640 at time 0.064
Simulating timestep 650 at time 0.065
Simulating timestep 660 at time 0.066
Simulating timestep 670 at time 0.067
Simulating timestep 680 at time 0.068
Simulating timestep 690 at time 0.069
Simulating timestep 700 at time 0.07
Simulating timestep 710 at time 0.071
Simulating timestep 720 at time 0.072
Simulating timestep 730 at time 0.073
Simulating timestep 740 at time 0.074
Simulating timestep 750 at time 0.075
Simulating timestep 760 at time 0.076
Simulating timestep 770 at time 0.077
Simulating timestep 780 at time 0.078
Simulating timestep 790 at time 0.079
Simulating timestep 800 at time 0.08
Simulating timestep 810 at time 0.081
Simulating timestep 820 at time 0.082
Simulating timestep 830 at time 0.083
Simulating timestep 840 at time 0.084
Simulating timestep 850 at time 0.085
Simulating timestep 860 at time 0.086
Simulating timestep 870 at time 0.087
Simulating timestep 880 at time 0.088
Simulating timestep 890 at time 0.089
Simulating timestep 900 at time 0.09
Simulating timestep 910 at time 0.091
Simulating timestep 920 at time 0.092
Simulating timestep 930 at time 0.093
Simulating timestep 940 at time 0.094
Simulating timestep 950 at time 0.095
Simulating timestep 960 at time 0.096
Simulating timestep 970 at time 0.097
Simulating timestep 980 at time 0.098
Simulating timestep 990 at time 0.099
# Running code with ranks= 125
Simulating timestep 0 at time 0
Simulating timestep 10 at time 0.001
Simulating timestep 20 at time 0.002
Simulating timestep 30 at time 0.003
Simulating timestep 40 at time 0.004
Simulating timestep 50 at time 0.005
Simulating timestep 60 at time 0.006
Simulating timestep 70 at time 0.007
Simulating timestep 80 at time 0.008
Simulating timestep 90 at time 0.009
Simulating timestep 100 at time 0.01
Simulating timestep 110 at time 0.011
Simulating timestep 120 at time 0.012
Simulating timestep 130 at time 0.013
Simulating timestep 140 at time 0.014
Simulating timestep 150 at time 0.015
Simulating timestep 160 at time 0.016
Simulating timestep 170 at time 0.017
Simulating timestep 180 at time 0.018
Simulating timestep 190 at time 0.019
Simulating timestep 200 at time 0.02
Simulating timestep 210 at time 0.021
Simulating timestep 220 at time 0.022
Simulating timestep 230 at time 0.023
Simulating timestep 240 at time 0.024
Simulating timestep 250 at time 0.025
Simulating timestep 260 at time 0.026
Simulating timestep 270 at time 0.027
Simulating timestep 280 at time 0.028
Simulating timestep 290 at time 0.029
Simulating timestep 300 at time 0.03
Simulating timestep 310 at time 0.031
Simulating timestep 320 at time 0.032
Simulating timestep 330 at time 0.033
Simulating timestep 340 at time 0.034
Simulating timestep 350 at time 0.035
Simulating timestep 360 at time 0.036
Simulating timestep 370 at time 0.037
Simulating timestep 380 at time 0.038
Simulating timestep 390 at time 0.039
Simulating timestep 400 at time 0.04
Simulating timestep 410 at time 0.041
Simulating timestep 420 at time 0.042
Simulating timestep 430 at time 0.043
Simulating timestep 440 at time 0.044
Simulating timestep 450 at time 0.045
Simulating timestep 460 at time 0.046
Simulating timestep 470 at time 0.047
Simulating timestep 480 at time 0.048
Simulating timestep 490 at time 0.049
Simulating timestep 500 at time 0.05
Simulating timestep 510 at time 0.051
Simulating timestep 520 at time 0.052
Simulating timestep 530 at time 0.053
Simulating timestep 540 at time 0.054
Simulating timestep 550 at time 0.055
Simulating timestep 560 at time 0.056
Simulating timestep 570 at time 0.057
Simulating timestep 580 at time 0.058
Simulating timestep 590 at time 0.059
Simulating timestep 600 at time 0.06
Simulating timestep 610 at time 0.061
Simulating timestep 620 at time 0.062
Simulating timestep 630 at time 0.063
Simulating timestep 640 at time 0.064
Simulating timestep 650 at time 0.065
Simulating timestep 660 at time 0.066
Simulating timestep 670 at time 0.067
Simulating timestep 680 at time 0.068
Simulating timestep 690 at time 0.069
Simulating timestep 700 at time 0.07
Simulating timestep 710 at time 0.071
Simulating timestep 720 at time 0.072
Simulating timestep 730 at time 0.073
Simulating timestep 740 at time 0.074
Simulating timestep 750 at time 0.075
Simulating timestep 760 at time 0.076
Simulating timestep 770 at time 0.077
Simulating timestep 780 at time 0.078
Simulating timestep 790 at time 0.079
Simulating timestep 800 at time 0.08
Simulating timestep 810 at time 0.081
Simulating timestep 820 at time 0.082
Simulating timestep 830 at time 0.083
Simulating timestep 840 at time 0.084
Simulating timestep 850 at time 0.085
Simulating timestep 860 at time 0.086
Simulating timestep 870 at time 0.087
Simulating timestep 880 at time 0.088
Simulating timestep 890 at time 0.089
Simulating timestep 900 at time 0.09
Simulating timestep 910 at time 0.091
Simulating timestep 920 at time 0.092
Simulating timestep 930 at time 0.093
Simulating timestep 940 at time 0.094
Simulating timestep 950 at time 0.095
Simulating timestep 960 at time 0.096
Simulating timestep 970 at time 0.097
Simulating timestep 980 at time 0.098
Simulating timestep 990 at time 0.099
# Running code with ranks= 1
Simulating timestep 0 at time 0
slurmstepd: error: *** JOB 34451143 ON amr-169 CANCELLED AT 2024-04-22T00:58:32 ***
